Using pre-set license
Built from '2021.2/staging' branch; Version is '2021.2.7f1 (6bd9e232123f) revision 7068130'; Using compiler version '192829333'; Build Type 'Release'
OS: 'Windows 10  (10.0.19045) 64bit Professional' Language: 'fr' Physical Memory: 16289 MB
BatchMode: 1, IsHumanControllingUs: 0, StartBugReporterOnCrash: 0, Is64bit: 1, IsPro: 0

COMMAND LINE ARGUMENTS:
C:\Program Files\Unity\Hub\Editor\2021.2.7f1\Editor\Unity.exe
-adb2
-batchMode
-noUpm
-name
AssetImportWorker0
-projectPath
D:/_Projets/JUICE_JAM
-logFile
Logs/AssetImportWorker0.log
-srvPort
59194
Successfully changed project path to: D:/_Projets/JUICE_JAM
D:/_Projets/JUICE_JAM
[UnityMemory] Configuration Parameters - Can be set up in boot.config
    "memorysetup-bucket-allocator-granularity=16"
    "memorysetup-bucket-allocator-bucket-count=8"
    "memorysetup-bucket-allocator-block-size=33554432"
    "memorysetup-bucket-allocator-block-count=8"
    "memorysetup-main-allocator-block-size=16777216"
    "memorysetup-thread-allocator-block-size=16777216"
    "memorysetup-gfx-main-allocator-block-size=16777216"
    "memorysetup-gfx-thread-allocator-block-size=16777216"
    "memorysetup-cache-allocator-block-size=4194304"
    "memorysetup-typetree-allocator-block-size=2097152"
    "memorysetup-profiler-bucket-allocator-granularity=16"
    "memorysetup-profiler-bucket-allocator-bucket-count=8"
    "memorysetup-profiler-bucket-allocator-block-size=33554432"
    "memorysetup-profiler-bucket-allocator-block-count=8"
    "memorysetup-profiler-allocator-block-size=16777216"
    "memorysetup-profiler-editor-allocator-block-size=1048576"
    "memorysetup-temp-allocator-size-main=16777216"
    "memorysetup-job-temp-allocator-block-size=2097152"
    "memorysetup-job-temp-allocator-block-size-background=1048576"
    "memorysetup-job-temp-allocator-reduction-small-platforms=262144"
    "memorysetup-temp-allocator-size-background-worker=32768"
    "memorysetup-temp-allocator-size-job-worker=262144"
    "memorysetup-temp-allocator-size-preload-manager=33554432"
    "memorysetup-temp-allocator-size-nav-mesh-worker=65536"
    "memorysetup-temp-allocator-size-audio-worker=65536"
    "memorysetup-temp-allocator-size-cloud-worker=32768"
    "memorysetup-temp-allocator-size-gi-baking-worker=262144"
    "memorysetup-temp-allocator-size-gfx=262144"
Refreshing native plugins compatible for Editor in 97.55 ms, found 4 plugins.
Preloading 0 native plugins for Editor in 0.00 ms.
Initialize engine version: 2021.2.7f1 (6bd9e232123f)
[Subsystems] Discovering subsystems at path C:/Program Files/Unity/Hub/Editor/2021.2.7f1/Editor/Data/Resources/UnitySubsystems
[Subsystems] Discovering subsystems at path D:/_Projets/JUICE_JAM/Assets
GfxDevice: creating device client; threaded=0; jobified=0
Direct3D:
    Version:  Direct3D 11.0 [level 11.1]
    Renderer: NVIDIA GeForce GTX 1080 Ti (ID=0x1b06)
    Vendor:   NVIDIA
    VRAM:     11120 MB
    Driver:   31.0.15.3623
Initialize mono
Mono path[0] = 'C:/Program Files/Unity/Hub/Editor/2021.2.7f1/Editor/Data/Managed'
Mono path[1] = 'C:/Program Files/Unity/Hub/Editor/2021.2.7f1/Editor/Data/MonoBleedingEdge/lib/mono/unityjit-win32'
Mono config path = 'C:/Program Files/Unity/Hub/Editor/2021.2.7f1/Editor/Data/MonoBleedingEdge/etc'
Using monoOptions --debugger-agent=transport=dt_socket,embedding=1,server=y,suspend=n,address=127.0.0.1:56396
Begin MonoManager ReloadAssembly
Registering precompiled unity dll's ...
Register platform support module: C:/Program Files/Unity/Hub/Editor/2021.2.7f1/Editor/Data/PlaybackEngines/WindowsStandaloneSupport/UnityEditor.WindowsStandalone.Extensions.dll
Registered in 0.007344 seconds.
Native extension for WindowsStandalone target not found
Refreshing native plugins compatible for Editor in 98.11 ms, found 4 plugins.
Preloading 0 native plugins for Editor in 0.00 ms.
Mono: successfully reloaded assembly
- Completed reload, in  0.604 seconds
Domain Reload Profiling:
	ReloadAssembly (604ms)
		BeginReloadAssembly (71ms)
			ExecutionOrderSort (0ms)
			DisableScriptedObjects (0ms)
			BackupInstance (0ms)
			ReleaseScriptingObjects (0ms)
			CreateAndSetChildDomain (1ms)
		EndReloadAssembly (455ms)
			LoadAssemblies (68ms)
			RebuildTransferFunctionScriptingTraits (0ms)
			SetupTypeCache (92ms)
			ReleaseScriptCaches (0ms)
			RebuildScriptCaches (28ms)
			SetupLoadedEditorAssemblies (284ms)
				LogAssemblyErrors (0ms)
				InitializePlatformSupportModulesInManaged (14ms)
				SetLoadedEditorAssemblies (0ms)
				RefreshPlugins (98ms)
				BeforeProcessingInitializeOnLoad (1ms)
				ProcessInitializeOnLoadAttributes (129ms)
				ProcessInitializeOnLoadMethodAttributes (42ms)
				AfterProcessingInitializeOnLoad (0ms)
				EditorAssembliesLoaded (0ms)
			ExecutionOrderSort2 (0ms)
			AwakeInstancesAfterBackupRestoration (0ms)
Platform modules already initialized, skipping
Registering precompiled user dll's ...
Registered in 0.005149 seconds.
Begin MonoManager ReloadAssembly
Symbol file LoadedFromMemory doesn't match image D:\_Projets\JUICE_JAM\Library\PackageCache\com.unity.visualscripting@1.7.6\Editor\VisualScripting.Core\Dependencies\YamlDotNet\Unity.VisualScripting.YamlDotNet.dll
Symbol file LoadedFromMemory doesn't match image D:\_Projets\JUICE_JAM\Library\PackageCache\com.unity.visualscripting@1.7.6\Editor\VisualScripting.Core\Dependencies\DotNetZip\Unity.VisualScripting.IonicZip.dll
Native extension for WindowsStandalone target not found
Refreshing native plugins compatible for Editor in 96.48 ms, found 4 plugins.
Preloading 0 native plugins for Editor in 0.00 ms.
Mono: successfully reloaded assembly
- Completed reload, in  1.632 seconds
Domain Reload Profiling:
	ReloadAssembly (1633ms)
		BeginReloadAssembly (102ms)
			ExecutionOrderSort (0ms)
			DisableScriptedObjects (5ms)
			BackupInstance (0ms)
			ReleaseScriptingObjects (0ms)
			CreateAndSetChildDomain (18ms)
		EndReloadAssembly (1440ms)
			LoadAssemblies (74ms)
			RebuildTransferFunctionScriptingTraits (0ms)
			SetupTypeCache (228ms)
			ReleaseScriptCaches (1ms)
			RebuildScriptCaches (64ms)
			SetupLoadedEditorAssemblies (1034ms)
				LogAssemblyErrors (0ms)
				InitializePlatformSupportModulesInManaged (13ms)
				SetLoadedEditorAssemblies (0ms)
				RefreshPlugins (97ms)
				BeforeProcessingInitializeOnLoad (97ms)
				ProcessInitializeOnLoadAttributes (788ms)
				ProcessInitializeOnLoadMethodAttributes (31ms)
				AfterProcessingInitializeOnLoad (9ms)
				EditorAssembliesLoaded (0ms)
			ExecutionOrderSort2 (0ms)
			AwakeInstancesAfterBackupRestoration (5ms)
Platform modules already initialized, skipping
========================================================================
Worker process is ready to serve import requests
Launched and connected shader compiler UnityShaderCompiler.exe after 0.06 seconds
Refreshing native plugins compatible for Editor in 1.03 ms, found 4 plugins.
Preloading 0 native plugins for Editor in 0.00 ms.
Unloading 4413 Unused Serialized files (Serialized files now loaded: 0)
Unloading 54 unused Assets / (1.4 MB). Loaded Objects now: 4857.
Memory consumption went from 186.4 MB to 185.0 MB.
Total: 3.979200 ms (FindLiveObjects: 0.388400 ms CreateObjectMapping: 0.122100 ms MarkObjects: 2.937500 ms  DeleteObjects: 0.530200 ms)

AssetImportParameters requested are different than current active one (requested -> active):
  custom:video-decoder-ogg-theora: a1e56fd34408186e4bbccfd4996cb3dc -> 
  custom:container-muxer-webm: aa71ff27fc2769a1b78a27578f13a17b -> 
  custom:container-demuxer-webm: 4f35f7cbe854078d1ac9338744f61a02 -> 
  custom:video-encoder-webm-vp8: eb34c28f22e8b96e1ab97ce403110664 -> 
  custom:audio-encoder-webm-vorbis: bf7c407c2cedff20999df2af8eb42d56 -> 
  custom:framework-win-MediaFoundation: 216162199b28c13a410421893ffa2e32 -> 
  custom:container-demuxer-ogg: 62fdf1f143b41e24485cea50d1cbac27 -> 
  custom:video-decoder-webm-vp8: 9c59270c3fd7afecdb556c50c9e8de78 -> 
  custom:audio-decoder-ogg-vorbis: bf7c407c2cedff20999df2af8eb42d56 -> 
========================================================================
Received Import Request.
  Time since last request: 179084.830306 seconds.
  path: Assets/Textures/UI/SaeringGames.png
  artifactKey: Guid(38419c7a70afc394da304b61fe0785ae) Importer(815301076,1909f56bfc062723c751e8b465ee728b)
Start importing Assets/Textures/UI/SaeringGames.png using Guid(38419c7a70afc394da304b61fe0785ae) Importer(815301076,1909f56bfc062723c751e8b465ee728b)  -> (artifact id: '1cbfc4ce365ed99c1907607adfb06257') in 0.091843 seconds 
========================================================================
Received Import Request.
  Time since last request: 0.756781 seconds.
  path: Assets/Textures/UI/UI_Hourglass.png
  artifactKey: Guid(fcb4fb489c389ad448303547abf6f0a3) Importer(815301076,1909f56bfc062723c751e8b465ee728b)
Start importing Assets/Textures/UI/UI_Hourglass.png using Guid(fcb4fb489c389ad448303547abf6f0a3) Importer(815301076,1909f56bfc062723c751e8b465ee728b)  -> (artifact id: '6a971d52910b670ea2aab1f979c3a40d') in 0.010498 seconds 
========================================================================
Received Import Request.
  Time since last request: 27.444571 seconds.
  path: Assets/Textures/Coin
  artifactKey: Guid(26a1253577386c3458d61678b5a08f62) Importer(815301076,1909f56bfc062723c751e8b465ee728b)
Start importing Assets/Textures/Coin using Guid(26a1253577386c3458d61678b5a08f62) Importer(815301076,1909f56bfc062723c751e8b465ee728b)  -> (artifact id: 'cc94c3a2a96c6764e1785ca6b9b672b1') in 0.000965 seconds 
========================================================================
Received Import Request.
  Time since last request: 11.714474 seconds.
  path: Assets/Textures/Weapon.png
  artifactKey: Guid(e49fdf0fd1948d04e960ed34ff56473c) Importer(815301076,1909f56bfc062723c751e8b465ee728b)
Start importing Assets/Textures/Weapon.png using Guid(e49fdf0fd1948d04e960ed34ff56473c) Importer(815301076,1909f56bfc062723c751e8b465ee728b)  -> (artifact id: '242043dff8d86f5ec985b0339080a7e8') in 0.027509 seconds 
========================================================================
Received Import Request.
  Time since last request: 15.103141 seconds.
  path: Assets/Textures/BackgroundShape.png
  artifactKey: Guid(efa19ff5251cae54e8baa7aff382a248) Importer(815301076,1909f56bfc062723c751e8b465ee728b)
Start importing Assets/Textures/BackgroundShape.png using Guid(efa19ff5251cae54e8baa7aff382a248) Importer(815301076,1909f56bfc062723c751e8b465ee728b)  -> (artifact id: '365afea55ba8863cc85a680a82de4ac5') in 0.012389 seconds 
========================================================================
Received Import Request.
  Time since last request: 8.411011 seconds.
  path: Assets/Textures/Environment
  artifactKey: Guid(3276abea1b7f99f41bf9413445223357) Importer(815301076,1909f56bfc062723c751e8b465ee728b)
Start importing Assets/Textures/Environment using Guid(3276abea1b7f99f41bf9413445223357) Importer(815301076,1909f56bfc062723c751e8b465ee728b)  -> (artifact id: '8b5d82a5aca64e8d1889394f72d3003f') in 0.000926 seconds 
========================================================================
Received Prepare
Registering precompiled user dll's ...
Registered in 0.005080 seconds.
Begin MonoManager ReloadAssembly
Symbol file LoadedFromMemory doesn't match image D:\_Projets\JUICE_JAM\Library\PackageCache\com.unity.visualscripting@1.7.6\Editor\VisualScripting.Core\Dependencies\YamlDotNet\Unity.VisualScripting.YamlDotNet.dll
Symbol file LoadedFromMemory doesn't match image D:\_Projets\JUICE_JAM\Library\PackageCache\com.unity.visualscripting@1.7.6\Editor\VisualScripting.Core\Dependencies\DotNetZip\Unity.VisualScripting.IonicZip.dll
Native extension for WindowsStandalone target not found
Refreshing native plugins compatible for Editor in 0.90 ms, found 4 plugins.
Preloading 0 native plugins for Editor in 0.00 ms.
Mono: successfully reloaded assembly
- Completed reload, in  1.115 seconds
Domain Reload Profiling:
	ReloadAssembly (1115ms)
		BeginReloadAssembly (136ms)
			ExecutionOrderSort (0ms)
			DisableScriptedObjects (7ms)
			BackupInstance (0ms)
			ReleaseScriptingObjects (0ms)
			CreateAndSetChildDomain (37ms)
		EndReloadAssembly (880ms)
			LoadAssemblies (82ms)
			RebuildTransferFunctionScriptingTraits (0ms)
			SetupTypeCache (224ms)
			ReleaseScriptCaches (1ms)
			RebuildScriptCaches (48ms)
			SetupLoadedEditorAssemblies (469ms)
				LogAssemblyErrors (0ms)
				InitializePlatformSupportModulesInManaged (11ms)
				SetLoadedEditorAssemblies (0ms)
				RefreshPlugins (1ms)
				BeforeProcessingInitializeOnLoad (79ms)
				ProcessInitializeOnLoadAttributes (335ms)
				ProcessInitializeOnLoadMethodAttributes (33ms)
				AfterProcessingInitializeOnLoad (9ms)
				EditorAssembliesLoaded (0ms)
			ExecutionOrderSort2 (0ms)
			AwakeInstancesAfterBackupRestoration (13ms)
Platform modules already initialized, skipping
Refreshing native plugins compatible for Editor in 1.24 ms, found 4 plugins.
Preloading 0 native plugins for Editor in 0.00 ms.
Unloading 4298 Unused Serialized files (Serialized files now loaded: 0)
Unloading 44 unused Assets / (1.4 MB). Loaded Objects now: 4930.
Memory consumption went from 181.1 MB to 179.6 MB.
Total: 5.104800 ms (FindLiveObjects: 0.614700 ms CreateObjectMapping: 0.150400 ms MarkObjects: 3.720800 ms  DeleteObjects: 0.617600 ms)

AssetImportParameters requested are different than current active one (requested -> active):
  custom:video-decoder-ogg-theora: a1e56fd34408186e4bbccfd4996cb3dc -> 
  custom:container-muxer-webm: aa71ff27fc2769a1b78a27578f13a17b -> 
  custom:container-demuxer-webm: 4f35f7cbe854078d1ac9338744f61a02 -> 
  custom:video-encoder-webm-vp8: eb34c28f22e8b96e1ab97ce403110664 -> 
  custom:audio-encoder-webm-vorbis: bf7c407c2cedff20999df2af8eb42d56 -> 
  custom:framework-win-MediaFoundation: 216162199b28c13a410421893ffa2e32 -> 
  custom:container-demuxer-ogg: 62fdf1f143b41e24485cea50d1cbac27 -> 
  custom:video-decoder-webm-vp8: 9c59270c3fd7afecdb556c50c9e8de78 -> 
  custom:audio-decoder-ogg-vorbis: bf7c407c2cedff20999df2af8eb42d56 -> 
========================================================================
Received Import Request.
  Time since last request: 290.613354 seconds.
  path: Assets/Prefabs/Checkpoint.prefab
  artifactKey: Guid(2a0b74a395fe7dd468ef128d7c632aa9) Importer(815301076,1909f56bfc062723c751e8b465ee728b)
Start importing Assets/Prefabs/Checkpoint.prefab using Guid(2a0b74a395fe7dd468ef128d7c632aa9) Importer(815301076,1909f56bfc062723c751e8b465ee728b) Animator is not playing an AnimatorController
UnityEngine.StackTraceUtility:ExtractStackTrace ()
UnityEngine.Animator:SetFloat (string,single)
JuiceJam.Checkpoint:OnValidate () (at Assets/Scripts/Checkpoint.cs:79)

[Assets/Scripts/Checkpoint.cs line 79]

Tried select unknown importer for id '-2' '00000000000000000000000000000000'
 -> (artifact id: '65f58fe5332e34ff73134fd74fbb8f60') in 0.091596 seconds 
========================================================================
Received Import Request.
  Time since last request: 49.154359 seconds.
  path: Assets/Dynamics/CollectedCoins.asset
  artifactKey: Guid(179636759b72209429ef8039beaa4f94) Importer(815301076,1909f56bfc062723c751e8b465ee728b)
Start importing Assets/Dynamics/CollectedCoins.asset using Guid(179636759b72209429ef8039beaa4f94) Importer(815301076,1909f56bfc062723c751e8b465ee728b)  -> (artifact id: '0e5192c7014eaa855bc1a89b1f274843') in 0.003574 seconds 
========================================================================
Received Import Request.
  Time since last request: 13.941701 seconds.
  path: Assets/Animations/Coin
  artifactKey: Guid(a595ed544259cce49b199138d0a97e71) Importer(815301076,1909f56bfc062723c751e8b465ee728b)
Start importing Assets/Animations/Coin using Guid(a595ed544259cce49b199138d0a97e71) Importer(815301076,1909f56bfc062723c751e8b465ee728b)  -> (artifact id: '2a2a56d7e21b7a313375e3d1166f9007') in 0.001047 seconds 
========================================================================
Received Import Request.
  Time since last request: 0.734382 seconds.
  path: Assets/Animations/Anm_Coin_Idle.anim
  artifactKey: Guid(4be5d5904fd08c7469881913bafea9af) Importer(815301076,1909f56bfc062723c751e8b465ee728b)
Start importing Assets/Animations/Anm_Coin_Idle.anim using Guid(4be5d5904fd08c7469881913bafea9af) Importer(815301076,1909f56bfc062723c751e8b465ee728b)  -> (artifact id: '245102e178210e998a1296dafe6868a5') in 0.014807 seconds 
========================================================================
Received Import Request.
  Time since last request: 19.447628 seconds.
  path: Assets/Animations/AnmCtrl_Coins.controller
  artifactKey: Guid(af4b62695678b244f9b9033d1efaa6b4) Importer(815301076,1909f56bfc062723c751e8b465ee728b)
Start importing Assets/Animations/AnmCtrl_Coins.controller using Guid(af4b62695678b244f9b9033d1efaa6b4) Importer(815301076,1909f56bfc062723c751e8b465ee728b)  -> (artifact id: 'f0b0ef8bd2127c897d5cae4a92fecb4d') in 0.003405 seconds 
========================================================================
Received Import Request.
  Time since last request: 1.549498 seconds.
  path: Assets/Animations/Anm_Stat_AllCoins.anim
  artifactKey: Guid(c95a0145505cc82419a617965cff2751) Importer(815301076,1909f56bfc062723c751e8b465ee728b)
Start importing Assets/Animations/Anm_Stat_AllCoins.anim using Guid(c95a0145505cc82419a617965cff2751) Importer(815301076,1909f56bfc062723c751e8b465ee728b)  -> (artifact id: '0edf5810305c7999af5b2589b06c937e') in 0.001562 seconds 
========================================================================
Received Import Request.
  Time since last request: 0.728095 seconds.
  path: Assets/Animations/Anm_Stat_CoinsIdle.anim
  artifactKey: Guid(3dd523112f7ef91428a0f3d8be4b115f) Importer(815301076,1909f56bfc062723c751e8b465ee728b)
Start importing Assets/Animations/Anm_Stat_CoinsIdle.anim using Guid(3dd523112f7ef91428a0f3d8be4b115f) Importer(815301076,1909f56bfc062723c751e8b465ee728b)  -> (artifact id: 'eb3f7017b39f3e09e715ad64152a9721') in 0.001546 seconds 
========================================================================
Received Import Request.
  Time since last request: 2.840244 seconds.
  path: Assets/Animations/Anm_PressAnyKey.anim
  artifactKey: Guid(30bf802d6e0894241a1b1fd62b2549d8) Importer(815301076,1909f56bfc062723c751e8b465ee728b)
Start importing Assets/Animations/Anm_PressAnyKey.anim using Guid(30bf802d6e0894241a1b1fd62b2549d8) Importer(815301076,1909f56bfc062723c751e8b465ee728b)  -> (artifact id: '72f6316c96d7cd528ac6894687f5c96b') in 0.001495 seconds 
========================================================================
Received Import Request.
  Time since last request: 4.879380 seconds.
  path: Assets/Animations/Press Any Key.controller
  artifactKey: Guid(f73c14543b95efa46a3740d4457b0d79) Importer(815301076,1909f56bfc062723c751e8b465ee728b)
Start importing Assets/Animations/Press Any Key.controller using Guid(f73c14543b95efa46a3740d4457b0d79) Importer(815301076,1909f56bfc062723c751e8b465ee728b)  -> (artifact id: '0d99a6192d3ce8e573dea9eb988560cb') in 0.001744 seconds 
========================================================================
Received Import Request.
  Time since last request: 3.670278 seconds.
  path: Assets/Animations/AnmCtrl_PressAnyKey.controller
  artifactKey: Guid(f73c14543b95efa46a3740d4457b0d79) Importer(815301076,1909f56bfc062723c751e8b465ee728b)
Start importing Assets/Animations/AnmCtrl_PressAnyKey.controller using Guid(f73c14543b95efa46a3740d4457b0d79) Importer(815301076,1909f56bfc062723c751e8b465ee728b)  -> (artifact id: 'ad2e7a3cf6eb5aefc4b9ca779c8c1328') in 0.001861 seconds 
========================================================================
Received Import Request.
  Time since last request: 910.579536 seconds.
  path: Assets/Animations/VFX
  artifactKey: Guid(b753b8438a413e040ac031d456ce04dd) Importer(815301076,1909f56bfc062723c751e8b465ee728b)
Start importing Assets/Animations/VFX using Guid(b753b8438a413e040ac031d456ce04dd) Importer(815301076,1909f56bfc062723c751e8b465ee728b)  -> (artifact id: 'cc264fedb871c49ba74831dfdf0e8942') in 0.001813 seconds 
========================================================================
Received Import Request.
  Time since last request: 1.017015 seconds.
  path: Assets/Animations/Anm_BulletHit_Flash.anim
  artifactKey: Guid(332f71d712761254ca76e3b12b323fb1) Importer(815301076,1909f56bfc062723c751e8b465ee728b)
Start importing Assets/Animations/Anm_BulletHit_Flash.anim using Guid(332f71d712761254ca76e3b12b323fb1) Importer(815301076,1909f56bfc062723c751e8b465ee728b)  -> (artifact id: '2d0c9e9739ff37c93da5c59a6b81f493') in 0.001655 seconds 
========================================================================
Received Import Request.
  Time since last request: 10.305363 seconds.
  path: Assets/Animations/Moon
  artifactKey: Guid(c98a699268bbed94d98d75e62c5aef3b) Importer(815301076,1909f56bfc062723c751e8b465ee728b)
Start importing Assets/Animations/Moon using Guid(c98a699268bbed94d98d75e62c5aef3b) Importer(815301076,1909f56bfc062723c751e8b465ee728b)  -> (artifact id: '4f92244fc200ed5a7dc9828e659a435f') in 0.000923 seconds 
========================================================================
Received Import Request.
  Time since last request: 6.762512 seconds.
  path: Assets/Animations/AnmCtrl_Impulse_Puff.controller
  artifactKey: Guid(d542f1f20f2d2fa4089d20b57e607470) Importer(815301076,1909f56bfc062723c751e8b465ee728b)
Start importing Assets/Animations/AnmCtrl_Impulse_Puff.controller using Guid(d542f1f20f2d2fa4089d20b57e607470) Importer(815301076,1909f56bfc062723c751e8b465ee728b)  -> (artifact id: 'a93ba11bbfdbaa34f139371e20a758d0') in 0.001867 seconds 
========================================================================
Received Import Request.
  Time since last request: 7.127243 seconds.
  path: Assets/Animations/Lava
  artifactKey: Guid(dca3b82a39b171f459a4176ee5ab85d1) Importer(815301076,1909f56bfc062723c751e8b465ee728b)
Start importing Assets/Animations/Lava using Guid(dca3b82a39b171f459a4176ee5ab85d1) Importer(815301076,1909f56bfc062723c751e8b465ee728b)  -> (artifact id: '61cfd5d9213dcb4516ae6e5dbad377f0') in 0.001107 seconds 
========================================================================
Received Import Request.
  Time since last request: 11.433950 seconds.
  path: Assets/Animations/UI
  artifactKey: Guid(b15e1f08850cfec40ace3b8abfdd0ee0) Importer(815301076,1909f56bfc062723c751e8b465ee728b)
Start importing Assets/Animations/UI using Guid(b15e1f08850cfec40ace3b8abfdd0ee0) Importer(815301076,1909f56bfc062723c751e8b465ee728b)  -> (artifact id: 'af44fe6b6e2b8e2c96132bc66b0755d6') in 0.001028 seconds 
========================================================================
Received Import Request.
  Time since last request: 21.758118 seconds.
  path: Assets/Prefabs/Gameplay
  artifactKey: Guid(65bacd7217d739f49bdc4f2d38888f7d) Importer(815301076,1909f56bfc062723c751e8b465ee728b)
Start importing Assets/Prefabs/Gameplay using Guid(65bacd7217d739f49bdc4f2d38888f7d) Importer(815301076,1909f56bfc062723c751e8b465ee728b)  -> (artifact id: '88fd8aaa8d2a9942e936503735accd67') in 0.001138 seconds 
========================================================================
Received Import Request.
  Time since last request: 0.027941 seconds.
  path: Assets/Prefabs/Turret.prefab
  artifactKey: Guid(33cd635aa99444441b2c4be39daebced) Importer(815301076,1909f56bfc062723c751e8b465ee728b)
Start importing Assets/Prefabs/Turret.prefab using Guid(33cd635aa99444441b2c4be39daebced) Importer(815301076,1909f56bfc062723c751e8b465ee728b)  -> (artifact id: 'c21ff7902d4b699822339f1e09d97b09') in 0.033510 seconds 
